-o-o-o-o-o-
Fecha: 22-05-2024 09:54:24
Operacion: Editor ei_formulario_ml
Usuario: toba
Version-PHP: 7.4.33
Servidor: localhost
URI: /toba_editor/3.3/aplicacion.php?ah=st664deab06afdc0.49360484&ai=toba_editor%7C%7C1000256&tz=0%255E%255Ecomision%7C%7C1%255E%255E24234000023
Referrer: http://localhost:7001/toba_editor/3.3/aplicacion.php?ah=st664deaa006c6f8.72754600&ai=toba_editor%7C%7C1000256&tz=0%255E%255Ecomision%7C%7C1%255E%255E24234000023
Host: 172.18.0.1
==========
[DEBUG][toba_editor] PUNTO DE MONTAJE: se cargó exitosamente el autoload del punto de montaje proyecto
[INFO][toba_editor] PUNTO MONTAJE: se cargó la clase customizacion_toba/sesion_editor.php del punto de montaje proyecto. El path del mismo es /usr/local/proyectos/comision/vendor/siu-toba/framework/proyectos/toba_editor/php
[DEBUG][toba_editor] Cargando la zona 'zona_objeto' con el editable 'array (
  0 => 'comision',
  1 => '24234000023',
)'
[DEBUG][toba] [SECCION] Iniciando componentes...
[INFO][toba_editor] PUNTO MONTAJE: se cargó la clase objetos_toba/ei_formulario_ml/ci_principal.php del punto de montaje proyecto. El path del mismo es /usr/local/proyectos/comision/vendor/siu-toba/framework/proyectos/toba_editor/php
[DEBUG][toba] componente(1386): Pantalla de eventos: '2'
[DEBUG][toba] [SECCION] Procesando eventos...
[DEBUG][toba] componente(1386): [ inicializar_dependencias ]
array (
  0 => 'efs',
)
[INFO][toba_editor] PUNTO MONTAJE: se cargó la clase objetos_toba/efs/ci_efs.php del punto de montaje proyecto. El path del mismo es /usr/local/proyectos/comision/vendor/siu-toba/framework/proyectos/toba_editor/php
[DEBUG][toba] componente(1390): Pantalla de eventos: '1'
[DEBUG][toba] componente(1390): [ inicializar_dependencias ]
array (
  0 => 'efs_lista',
  1 => 'efs_importar',
)
[INFO][toba_editor] PUNTO MONTAJE: se cargó la clase objetos_toba/eiform_abm_detalle.php del punto de montaje proyecto. El path del mismo es /usr/local/proyectos/comision/vendor/siu-toba/framework/proyectos/toba_editor/php
[DEBUG][toba] componente(1389):  IMPLICITO: modificacion
[DEBUG][toba] componente(1390): [ registrar_evento ] 'modificacion' -> [ evt__efs_lista__modificacion ]
array (
  0 => 
  array (
    0 => 
    array (
      'identificador' => 'id_comision',
      'etiqueta' => 'Id comision',
      'obligatorio' => '1',
      'oculto_relaja_obligatorio' => '1',
      'elemento_formulario' => 'ef_fijo',
      'x_dbr_clave' => 0,
      'apex_ei_analisis_fila' => 'M',
    ),
    1 => 
    array (
      'identificador' => 'legajo',
      'etiqueta' => 'Legajo',
      'obligatorio' => '1',
      'oculto_relaja_obligatorio' => '0',
      'elemento_formulario' => 'ef_fijo',
      'x_dbr_clave' => 1,
      'apex_ei_analisis_fila' => 'M',
    ),
    2 => 
    array (
      'identificador' => 'ayn',
      'etiqueta' => 'Apellido y Nombre',
      'obligatorio' => '0',
      'oculto_relaja_obligatorio' => '0',
      'elemento_formulario' => 'ef_fijo',
      'x_dbr_clave' => 2,
      'apex_ei_analisis_fila' => 'M',
    ),
    14 => 
    array (
      'identificador' => 'nombre_catedra',
      'etiqueta' => 'Catedra / Oficina',
      'obligatorio' => '0',
      'oculto_relaja_obligatorio' => '0',
      'elemento_formulario' => 'ef_fijo',
      'x_dbr_clave' => 14,
      'apex_ei_analisis_fila' => 'M',
    ),
    10 => 
    array (
      'identificador' => 'fecha',
      'etiqueta' => 'Fecha',
      'obligatorio' => '1',
      'oculto_relaja_obligatorio' => '0',
      'elemento_formulario' => 'ef_fijo',
      'x_dbr_clave' => 10,
      'apex_ei_analisis_fila' => 'M',
    ),
    4 => 
    array (
      'identificador' => 'fecha_fin',
      'etiqueta' => 'Fecha fin',
      'obligatorio' => '0',
      'oculto_relaja_obligatorio' => '0',
      'elemento_formulario' => 'ef_fijo',
      'x_dbr_clave' => 4,
      'apex_ei_analisis_fila' => 'M',
    ),
    11 => 
    array (
      'identificador' => 'horario',
      'etiqueta' => 'Horario',
      'obligatorio' => '0',
      'oculto_relaja_obligatorio' => '0',
      'elemento_formulario' => 'ef_fijo',
      'x_dbr_clave' => 11,
      'apex_ei_analisis_fila' => 'M',
    ),
    5 => 
    array (
      'identificador' => 'horario_fin',
      'etiqueta' => 'Horario fin',
      'obligatorio' => '0',
      'oculto_relaja_obligatorio' => '0',
      'elemento_formulario' => 'ef_fijo',
      'x_dbr_clave' => 5,
      'apex_ei_analisis_fila' => 'M',
    ),
    9 => 
    array (
      'identificador' => 'motivo',
      'etiqueta' => 'Motivo',
      'obligatorio' => '1',
      'oculto_relaja_obligatorio' => '0',
      'elemento_formulario' => 'ef_fijo',
      'x_dbr_clave' => 9,
      'apex_ei_analisis_fila' => 'M',
    ),
    6 => 
    array (
      'identificador' => 'fuera',
      'etiqueta' => 'Fuera',
      'obligatorio' => '0',
      'oculto_relaja_obligatorio' => '0',
      'elemento_formulario' => 'ef_checkbox',
      'x_dbr_clave' => 6,
      'apex_ei_analisis_fila' => 'M',
    ),
    8 => 
    array (
      'identificador' => 'lugar',
      'etiqueta' => 'Lugar',
      'obligatorio' => '1',
      'oculto_relaja_obligatorio' => '0',
      'elemento_formulario' => 'ef_fijo',
      'x_dbr_clave' => 8,
      'apex_ei_analisis_fila' => 'M',
    ),
    12 => 
    array (
      'identificador' => 'observaciones',
      'etiqueta' => 'Observaciones',
      'obligatorio' => '0',
      'oculto_relaja_obligatorio' => '0',
      'elemento_formulario' => 'ef_editable',
      'x_dbr_clave' => 12,
      'apex_ei_analisis_fila' => 'M',
    ),
    3 => 
    array (
      'identificador' => 'autoriza_sup',
      'etiqueta' => 'Autoriza sup',
      'obligatorio' => '0',
      'oculto_relaja_obligatorio' => '0',
      'elemento_formulario' => 'ef_checkbox',
      'x_dbr_clave' => 3,
      'apex_ei_analisis_fila' => 'M',
    ),
    7 => 
    array (
      'identificador' => 'pasada',
      'etiqueta' => 'Pasada',
      'obligatorio' => '0',
      'oculto_relaja_obligatorio' => '0',
      'elemento_formulario' => 'ef_checkbox',
      'x_dbr_clave' => 7,
      'apex_ei_analisis_fila' => 'M',
    ),
    13 => 
    array (
      'apex_ei_analisis_fila' => 'B',
    ),
  ),
)
[INFO][toba_editor] PUNTO MONTAJE: se cargó la clase db/odt_eventos.php del punto de montaje proyecto. El path del mismo es /usr/local/proyectos/comision/vendor/siu-toba/framework/proyectos/toba_editor/php
[DEBUG][toba] componente(1386): [ evento ] 'procesar' -> [ evt__procesar ]
[DEBUG][toba] ************ ABRIR transaccion (toba_3_3@pg) ****************
[DEBUG][toba] AP_TABLA: [apex_objeto_ei_formulario_ef]
registro: 13 - DELETE FROM apex_objeto_ei_formulario_ef WHERE objeto_ei_formulario_proyecto = 'comision' AND objeto_ei_formulario = '24234000023' AND objeto_ei_formulario_fila = '24234000192' AND identificador = 'legajo_aut' AND elemento_formulario = 'ef_editable_numero' AND columnas = 'legajo_aut' AND obligatorio = '0' AND inicializacion IS NULL AND orden = '13' AND etiqueta = 'Legajo aut' AND descripcion IS NULL AND colapsado = '0' AND desactivado = '0' AND estilo IS NULL AND total = '0' AND etiqueta_estilo IS NULL AND popup_carga_desc_metodo IS NULL AND popup_carga_desc_clase IS NULL AND popup_carga_desc_include IS NULL AND popup_puede_borrar_estado IS NULL AND estado_defecto IS NULL AND solo_lectura = '1' AND carga_metodo IS NULL AND carga_clase IS NULL AND carga_include IS NULL AND carga_col_clave IS NULL AND carga_col_desc IS NULL AND carga_sql IS NULL AND carga_fuente IS NULL AND carga_lista IS NULL AND carga_maestros IS NULL AND carga_cascada_relaj IS NULL AND carga_no_seteado IS NULL AND edit_tamano IS NULL AND edit_maximo IS NULL AND edit_mascara IS NULL AND edit_unidad IS NULL AND edit_rango IS NULL AND edit_filas IS NULL AND edit_columnas IS NULL AND edit_wrap IS NULL AND edit_resaltar IS NULL AND edit_ajustable IS NULL AND popup_item IS NULL AND popup_proyecto IS NULL AND popup_editable IS NULL AND popup_ventana IS NULL AND fieldset_fin IS NULL AND check_valor_si IS NULL AND check_valor_no IS NULL AND check_desc_si IS NULL AND check_desc_no IS NULL AND fijo_sin_estado IS NULL AND editor_ancho IS NULL AND editor_alto IS NULL AND editor_botonera IS NULL AND selec_cant_minima IS NULL AND selec_cant_maxima IS NULL AND selec_utilidades IS NULL AND selec_tamano IS NULL AND selec_serializar IS NULL AND edit_confirmar_clave IS NULL AND upload_extensiones IS NULL AND selec_ancho IS NULL AND oculto_relaja_obligatorio = '0' AND carga_dt IS NULL AND carga_no_seteado_ocultar IS NULL AND carga_consulta_php IS NULL AND edit_expreg IS NULL AND check_ml_toggle IS NULL AND selec_cant_columnas IS NULL AND deshabilitar_rest_func = '0' AND permitir_html = '0' AND carga_permite_no_seteado = '0' AND solo_lectura_modificacion = '0' AND cascada_mantiene_estado = '0' AND punto_montaje IS NULL AND placeholder IS NULL AND editor_config_file IS NULL;
[DEBUG][toba] AP_TABLA: [apex_objeto_ei_formulario_ef]
registro: 3
 UPDATE apex_objeto_ei_formulario_ef
SET orden = '13'
WHERE objeto_ei_formulario_proyecto = 'comision'
	AND objeto_ei_formulario = '24234000023'
	AND objeto_ei_formulario_fila = '24234000179'
	AND identificador = 'autoriza_sup'
	AND elemento_formulario = 'ef_checkbox'
	AND columnas = 'autoriza_sup'
	AND obligatorio = '0'
	AND inicializacion IS NULL
	AND orden = '14'
	AND etiqueta = 'Autoriza sup'
	AND descripcion IS NULL
	AND colapsado IS NULL
	AND desactivado IS NULL
	AND estilo IS NULL
	AND total IS NULL
	AND etiqueta_estilo IS NULL
	AND popup_carga_desc_metodo IS NULL
	AND popup_carga_desc_clase IS NULL
	AND popup_carga_desc_include IS NULL
	AND popup_puede_borrar_estado IS NULL
	AND estado_defecto IS NULL
	AND solo_lectura IS NULL
	AND carga_metodo IS NULL
	AND carga_clase IS NULL
	AND carga_include IS NULL
	AND carga_col_clave IS NULL
	AND carga_col_desc IS NULL
	AND carga_sql IS NULL
	AND carga_fuente IS NULL
	AND carga_lista IS NULL
	AND carga_maestros IS NULL
	AND carga_cascada_relaj IS NULL
	AND carga_no_seteado IS NULL
	AND edit_tamano IS NULL
	AND edit_maximo IS NULL
	AND edit_mascara IS NULL
	AND edit_unidad IS NULL
	AND edit_rango IS NULL
	AND edit_filas IS NULL
	AND edit_columnas IS NULL
	AND edit_wrap IS NULL
	AND edit_resaltar IS NULL
	AND edit_ajustable IS NULL
	AND popup_item IS NULL
	AND popup_proyecto IS NULL
	AND popup_editable IS NULL
	AND popup_ventana IS NULL
	AND fieldset_fin IS NULL
	AND check_valor_si IS NULL
	AND check_valor_no IS NULL
	AND check_desc_si IS NULL
	AND check_desc_no IS NULL
	AND fijo_sin_estado IS NULL
	AND editor_ancho IS NULL
	AND editor_alto IS NULL
	AND editor_botonera IS NULL
	AND selec_cant_minima IS NULL
	AND selec_cant_maxima IS NULL
	AND selec_utilidades IS NULL
	AND selec_tamano IS NULL
	AND selec_serializar IS NULL
	AND edit_confirmar_clave IS NULL
	AND upload_extensiones IS NULL
	AND selec_ancho IS NULL
	AND oculto_relaja_obligatorio = '0'
	AND carga_dt IS NULL
	AND carga_no_seteado_ocultar IS NULL
	AND carga_consulta_php IS NULL
	AND edit_expreg IS NULL
	AND check_ml_toggle IS NULL
	AND selec_cant_columnas IS NULL
	AND deshabilitar_rest_func IS NULL
	AND permitir_html IS NULL
	AND carga_permite_no_seteado = '0'
	AND solo_lectura_modificacion = '0'
	AND cascada_mantiene_estado = '0'
	AND punto_montaje IS NULL
	AND placeholder IS NULL
	AND editor_config_file IS NULL;
[DEBUG][toba] AP_TABLA: [apex_objeto_ei_formulario_ef]
registro: 7
 UPDATE apex_objeto_ei_formulario_ef
SET orden = '14'
WHERE objeto_ei_formulario_proyecto = 'comision'
	AND objeto_ei_formulario = '24234000023'
	AND objeto_ei_formulario_fila = '24234000183'
	AND identificador = 'pasada'
	AND elemento_formulario = 'ef_checkbox'
	AND columnas = 'pasada'
	AND obligatorio = '0'
	AND inicializacion IS NULL
	AND orden = '15'
	AND etiqueta = 'Pasada'
	AND descripcion IS NULL
	AND colapsado IS NULL
	AND desactivado IS NULL
	AND estilo IS NULL
	AND total IS NULL
	AND etiqueta_estilo IS NULL
	AND popup_carga_desc_metodo IS NULL
	AND popup_carga_desc_clase IS NULL
	AND popup_carga_desc_include IS NULL
	AND popup_puede_borrar_estado IS NULL
	AND estado_defecto IS NULL
	AND solo_lectura IS NULL
	AND carga_metodo IS NULL
	AND carga_clase IS NULL
	AND carga_include IS NULL
	AND carga_col_clave IS NULL
	AND carga_col_desc IS NULL
	AND carga_sql IS NULL
	AND carga_fuente IS NULL
	AND carga_lista IS NULL
	AND carga_maestros IS NULL
	AND carga_cascada_relaj IS NULL
	AND carga_no_seteado IS NULL
	AND edit_tamano IS NULL
	AND edit_maximo IS NULL
	AND edit_mascara IS NULL
	AND edit_unidad IS NULL
	AND edit_rango IS NULL
	AND edit_filas IS NULL
	AND edit_columnas IS NULL
	AND edit_wrap IS NULL
	AND edit_resaltar IS NULL
	AND edit_ajustable IS NULL
	AND popup_item IS NULL
	AND popup_proyecto IS NULL
	AND popup_editable IS NULL
	AND popup_ventana IS NULL
	AND fieldset_fin IS NULL
	AND check_valor_si IS NULL
	AND check_valor_no IS NULL
	AND check_desc_si IS NULL
	AND check_desc_no IS NULL
	AND fijo_sin_estado IS NULL
	AND editor_ancho IS NULL
	AND editor_alto IS NULL
	AND editor_botonera IS NULL
	AND selec_cant_minima IS NULL
	AND selec_cant_maxima IS NULL
	AND selec_utilidades IS NULL
	AND selec_tamano IS NULL
	AND selec_serializar IS NULL
	AND edit_confirmar_clave IS NULL
	AND upload_extensiones IS NULL
	AND selec_ancho IS NULL
	AND oculto_relaja_obligatorio = '0'
	AND carga_dt IS NULL
	AND carga_no_seteado_ocultar IS NULL
	AND carga_consulta_php IS NULL
	AND edit_expreg IS NULL
	AND check_ml_toggle IS NULL
	AND selec_cant_columnas IS NULL
	AND deshabilitar_rest_func IS NULL
	AND permitir_html IS NULL
	AND carga_permite_no_seteado = '0'
	AND solo_lectura_modificacion = '0'
	AND cascada_mantiene_estado = '0'
	AND punto_montaje IS NULL
	AND placeholder IS NULL
	AND editor_config_file IS NULL;
[DEBUG][toba] ************ CERRAR transaccion (toba_3_3@pg) ****************
[DEBUG][toba] [SECCION] Configurando dependencias para responder al servicio...
[DEBUG][toba] componente(1386): Pantalla de servicio: '2'
[INFO][toba] componente(1386): [ callback ] 'conf__2' no fue atrapado
[DEBUG][toba] componente(1390): Pantalla de servicio: '1'
[DEBUG][toba] Se elimino el evento: cancelar
[DEBUG][toba] Se elimino el evento: aceptar
[DEBUG][toba] componente(1390): [ callback ] 'conf__efs_importar'
[DEBUG][toba] componente(1390): [ callback ] 'conf__efs_lista'
[DEBUG][toba] Se elimino el evento: mostrar_esquema
[INFO][toba] componente(1390): [ callback ] 'conf__1' no fue atrapado
[INFO][toba] componente(1386): [ callback ] 'conf__efs' no fue atrapado
[DEBUG][toba_editor] La ventana de configuración de la zona no ha sido usada.
[DEBUG][toba] [SECCION] Respondiendo al servicio__generar_html...
-o-o-o-o-o-
Fecha: 22-05-2024 09:55:25
Operacion: Editor ei_formulario_ml
Usuario: toba
Version-PHP: 7.4.33
Servidor: localhost
URI: /toba_editor/3.3/aplicacion.php?ah=st664deaffa64131.81773424&ai=toba_editor%7C%7C1000256&tz=0%255E%255Ecomision%7C%7C1%255E%255E24234000023
Referrer: http://localhost:7001/toba_editor/3.3/aplicacion.php?ah=st664deab06afdc0.49360484&ai=toba_editor%7C%7C1000256&tz=0%255E%255Ecomision%7C%7C1%255E%255E24234000023
Host: 172.18.0.1
==========
[DEBUG][toba_editor] PUNTO DE MONTAJE: se cargó exitosamente el autoload del punto de montaje proyecto
[INFO][toba_editor] PUNTO MONTAJE: se cargó la clase customizacion_toba/sesion_editor.php del punto de montaje proyecto. El path del mismo es /usr/local/proyectos/comision/vendor/siu-toba/framework/proyectos/toba_editor/php
[DEBUG][toba_editor] Cargando la zona 'zona_objeto' con el editable 'array (
  0 => 'comision',
  1 => '24234000023',
)'
[DEBUG][toba] [SECCION] Iniciando componentes...
[INFO][toba_editor] PUNTO MONTAJE: se cargó la clase objetos_toba/ei_formulario_ml/ci_principal.php del punto de montaje proyecto. El path del mismo es /usr/local/proyectos/comision/vendor/siu-toba/framework/proyectos/toba_editor/php
[DEBUG][toba] componente(1386): Pantalla de eventos: '2'
[DEBUG][toba] [SECCION] Procesando eventos...
[DEBUG][toba] componente(1386): [ inicializar_dependencias ]
array (
  0 => 'efs',
)
[INFO][toba_editor] PUNTO MONTAJE: se cargó la clase objetos_toba/efs/ci_efs.php del punto de montaje proyecto. El path del mismo es /usr/local/proyectos/comision/vendor/siu-toba/framework/proyectos/toba_editor/php
[DEBUG][toba] componente(1390): Pantalla de eventos: '1'
[DEBUG][toba] componente(1390): [ inicializar_dependencias ]
array (
  0 => 'efs_lista',
  1 => 'efs_importar',
)
[INFO][toba_editor] PUNTO MONTAJE: se cargó la clase objetos_toba/eiform_abm_detalle.php del punto de montaje proyecto. El path del mismo es /usr/local/proyectos/comision/vendor/siu-toba/framework/proyectos/toba_editor/php
[DEBUG][toba] componente(1389):  IMPLICITO: modificacion
[DEBUG][toba] componente(1390): [ registrar_evento ] 'modificacion' -> [ evt__efs_lista__modificacion ]
array (
  0 => 
  array (
    0 => 
    array (
      'identificador' => 'id_comision',
      'etiqueta' => 'Id comision',
      'obligatorio' => '1',
      'oculto_relaja_obligatorio' => '1',
      'elemento_formulario' => 'ef_fijo',
      'x_dbr_clave' => 0,
      'apex_ei_analisis_fila' => 'M',
    ),
    1 => 
    array (
      'identificador' => 'legajo',
      'etiqueta' => 'Legajo',
      'obligatorio' => '1',
      'oculto_relaja_obligatorio' => '0',
      'elemento_formulario' => 'ef_fijo',
      'x_dbr_clave' => 1,
      'apex_ei_analisis_fila' => 'M',
    ),
    2 => 
    array (
      'identificador' => 'ayn',
      'etiqueta' => 'Apellido y Nombre',
      'obligatorio' => '0',
      'oculto_relaja_obligatorio' => '0',
      'elemento_formulario' => 'ef_fijo',
      'x_dbr_clave' => 2,
      'apex_ei_analisis_fila' => 'M',
    ),
    14 => 
    array (
      'identificador' => 'nombre_catedra',
      'etiqueta' => 'Catedra / Oficina',
      'obligatorio' => '0',
      'oculto_relaja_obligatorio' => '0',
      'elemento_formulario' => 'ef_fijo',
      'x_dbr_clave' => 14,
      'apex_ei_analisis_fila' => 'M',
    ),
    10 => 
    array (
      'identificador' => 'fecha',
      'etiqueta' => 'Fecha',
      'obligatorio' => '1',
      'oculto_relaja_obligatorio' => '0',
      'elemento_formulario' => 'ef_fijo',
      'x_dbr_clave' => 10,
      'apex_ei_analisis_fila' => 'M',
    ),
    4 => 
    array (
      'identificador' => 'fecha_fin',
      'etiqueta' => 'Fecha fin',
      'obligatorio' => '0',
      'oculto_relaja_obligatorio' => '0',
      'elemento_formulario' => 'ef_fijo',
      'x_dbr_clave' => 4,
      'apex_ei_analisis_fila' => 'M',
    ),
    11 => 
    array (
      'identificador' => 'horario',
      'etiqueta' => 'Horario',
      'obligatorio' => '0',
      'oculto_relaja_obligatorio' => '0',
      'elemento_formulario' => 'ef_fijo',
      'x_dbr_clave' => 11,
      'apex_ei_analisis_fila' => 'M',
    ),
    5 => 
    array (
      'identificador' => 'horario_fin',
      'etiqueta' => 'Horario fin',
      'obligatorio' => '0',
      'oculto_relaja_obligatorio' => '0',
      'elemento_formulario' => 'ef_fijo',
      'x_dbr_clave' => 5,
      'apex_ei_analisis_fila' => 'M',
    ),
    9 => 
    array (
      'identificador' => 'motivo',
      'etiqueta' => 'Motivo',
      'obligatorio' => '1',
      'oculto_relaja_obligatorio' => '0',
      'elemento_formulario' => 'ef_fijo',
      'x_dbr_clave' => 9,
      'apex_ei_analisis_fila' => 'M',
    ),
    6 => 
    array (
      'identificador' => 'fuera',
      'etiqueta' => 'Fuera',
      'obligatorio' => '0',
      'oculto_relaja_obligatorio' => '0',
      'elemento_formulario' => 'ef_checkbox',
      'x_dbr_clave' => 6,
      'apex_ei_analisis_fila' => 'M',
    ),
    8 => 
    array (
      'identificador' => 'lugar',
      'etiqueta' => 'Lugar',
      'obligatorio' => '1',
      'oculto_relaja_obligatorio' => '0',
      'elemento_formulario' => 'ef_fijo',
      'x_dbr_clave' => 8,
      'apex_ei_analisis_fila' => 'M',
    ),
    12 => 
    array (
      'identificador' => 'observaciones',
      'etiqueta' => 'Observaciones',
      'obligatorio' => '0',
      'oculto_relaja_obligatorio' => '0',
      'elemento_formulario' => 'ef_editable',
      'x_dbr_clave' => 12,
      'apex_ei_analisis_fila' => 'M',
    ),
    3 => 
    array (
      'identificador' => 'autoriza_sup',
      'etiqueta' => 'Autorizar',
      'obligatorio' => '0',
      'oculto_relaja_obligatorio' => '0',
      'elemento_formulario' => 'ef_checkbox',
      'x_dbr_clave' => 3,
      'apex_ei_analisis_fila' => 'M',
    ),
    7 => 
    array (
      'identificador' => 'pasada',
      'etiqueta' => 'Procesar',
      'obligatorio' => '0',
      'oculto_relaja_obligatorio' => '0',
      'elemento_formulario' => 'ef_checkbox',
      'x_dbr_clave' => 7,
      'apex_ei_analisis_fila' => 'M',
    ),
  ),
)
[INFO][toba_editor] PUNTO MONTAJE: se cargó la clase db/odt_eventos.php del punto de montaje proyecto. El path del mismo es /usr/local/proyectos/comision/vendor/siu-toba/framework/proyectos/toba_editor/php
[DEBUG][toba] componente(1386): [ evento ] 'procesar' -> [ evt__procesar ]
[DEBUG][toba] ************ ABRIR transaccion (toba_3_3@pg) ****************
[DEBUG][toba] AP_TABLA: [apex_objeto_ei_formulario_ef]
registro: 3
 UPDATE apex_objeto_ei_formulario_ef
SET etiqueta = 'Autorizar'
WHERE objeto_ei_formulario_proyecto = 'comision'
	AND objeto_ei_formulario = '24234000023'
	AND objeto_ei_formulario_fila = '24234000179'
	AND identificador = 'autoriza_sup'
	AND elemento_formulario = 'ef_checkbox'
	AND columnas = 'autoriza_sup'
	AND obligatorio = '0'
	AND inicializacion IS NULL
	AND orden = '13'
	AND etiqueta = 'Autoriza sup'
	AND descripcion IS NULL
	AND colapsado IS NULL
	AND desactivado IS NULL
	AND estilo IS NULL
	AND total IS NULL
	AND etiqueta_estilo IS NULL
	AND popup_carga_desc_metodo IS NULL
	AND popup_carga_desc_clase IS NULL
	AND popup_carga_desc_include IS NULL
	AND popup_puede_borrar_estado IS NULL
	AND estado_defecto IS NULL
	AND solo_lectura IS NULL
	AND carga_metodo IS NULL
	AND carga_clase IS NULL
	AND carga_include IS NULL
	AND carga_col_clave IS NULL
	AND carga_col_desc IS NULL
	AND carga_sql IS NULL
	AND carga_fuente IS NULL
	AND carga_lista IS NULL
	AND carga_maestros IS NULL
	AND carga_cascada_relaj IS NULL
	AND carga_no_seteado IS NULL
	AND edit_tamano IS NULL
	AND edit_maximo IS NULL
	AND edit_mascara IS NULL
	AND edit_unidad IS NULL
	AND edit_rango IS NULL
	AND edit_filas IS NULL
	AND edit_columnas IS NULL
	AND edit_wrap IS NULL
	AND edit_resaltar IS NULL
	AND edit_ajustable IS NULL
	AND popup_item IS NULL
	AND popup_proyecto IS NULL
	AND popup_editable IS NULL
	AND popup_ventana IS NULL
	AND fieldset_fin IS NULL
	AND check_valor_si IS NULL
	AND check_valor_no IS NULL
	AND check_desc_si IS NULL
	AND check_desc_no IS NULL
	AND fijo_sin_estado IS NULL
	AND editor_ancho IS NULL
	AND editor_alto IS NULL
	AND editor_botonera IS NULL
	AND selec_cant_minima IS NULL
	AND selec_cant_maxima IS NULL
	AND selec_utilidades IS NULL
	AND selec_tamano IS NULL
	AND selec_serializar IS NULL
	AND edit_confirmar_clave IS NULL
	AND upload_extensiones IS NULL
	AND selec_ancho IS NULL
	AND oculto_relaja_obligatorio = '0'
	AND carga_dt IS NULL
	AND carga_no_seteado_ocultar IS NULL
	AND carga_consulta_php IS NULL
	AND edit_expreg IS NULL
	AND check_ml_toggle IS NULL
	AND selec_cant_columnas IS NULL
	AND deshabilitar_rest_func IS NULL
	AND permitir_html IS NULL
	AND carga_permite_no_seteado = '0'
	AND solo_lectura_modificacion = '0'
	AND cascada_mantiene_estado = '0'
	AND punto_montaje IS NULL
	AND placeholder IS NULL
	AND editor_config_file IS NULL;
[DEBUG][toba] AP_TABLA: [apex_objeto_ei_formulario_ef]
registro: 7
 UPDATE apex_objeto_ei_formulario_ef
SET etiqueta = 'Procesar'
WHERE objeto_ei_formulario_proyecto = 'comision'
	AND objeto_ei_formulario = '24234000023'
	AND objeto_ei_formulario_fila = '24234000183'
	AND identificador = 'pasada'
	AND elemento_formulario = 'ef_checkbox'
	AND columnas = 'pasada'
	AND obligatorio = '0'
	AND inicializacion IS NULL
	AND orden = '14'
	AND etiqueta = 'Pasada'
	AND descripcion IS NULL
	AND colapsado IS NULL
	AND desactivado IS NULL
	AND estilo IS NULL
	AND total IS NULL
	AND etiqueta_estilo IS NULL
	AND popup_carga_desc_metodo IS NULL
	AND popup_carga_desc_clase IS NULL
	AND popup_carga_desc_include IS NULL
	AND popup_puede_borrar_estado IS NULL
	AND estado_defecto IS NULL
	AND solo_lectura IS NULL
	AND carga_metodo IS NULL
	AND carga_clase IS NULL
	AND carga_include IS NULL
	AND carga_col_clave IS NULL
	AND carga_col_desc IS NULL
	AND carga_sql IS NULL
	AND carga_fuente IS NULL
	AND carga_lista IS NULL
	AND carga_maestros IS NULL
	AND carga_cascada_relaj IS NULL
	AND carga_no_seteado IS NULL
	AND edit_tamano IS NULL
	AND edit_maximo IS NULL
	AND edit_mascara IS NULL
	AND edit_unidad IS NULL
	AND edit_rango IS NULL
	AND edit_filas IS NULL
	AND edit_columnas IS NULL
	AND edit_wrap IS NULL
	AND edit_resaltar IS NULL
	AND edit_ajustable IS NULL
	AND popup_item IS NULL
	AND popup_proyecto IS NULL
	AND popup_editable IS NULL
	AND popup_ventana IS NULL
	AND fieldset_fin IS NULL
	AND check_valor_si IS NULL
	AND check_valor_no IS NULL
	AND check_desc_si IS NULL
	AND check_desc_no IS NULL
	AND fijo_sin_estado IS NULL
	AND editor_ancho IS NULL
	AND editor_alto IS NULL
	AND editor_botonera IS NULL
	AND selec_cant_minima IS NULL
	AND selec_cant_maxima IS NULL
	AND selec_utilidades IS NULL
	AND selec_tamano IS NULL
	AND selec_serializar IS NULL
	AND edit_confirmar_clave IS NULL
	AND upload_extensiones IS NULL
	AND selec_ancho IS NULL
	AND oculto_relaja_obligatorio = '0'
	AND carga_dt IS NULL
	AND carga_no_seteado_ocultar IS NULL
	AND carga_consulta_php IS NULL
	AND edit_expreg IS NULL
	AND check_ml_toggle IS NULL
	AND selec_cant_columnas IS NULL
	AND deshabilitar_rest_func IS NULL
	AND permitir_html IS NULL
	AND carga_permite_no_seteado = '0'
	AND solo_lectura_modificacion = '0'
	AND cascada_mantiene_estado = '0'
	AND punto_montaje IS NULL
	AND placeholder IS NULL
	AND editor_config_file IS NULL;
[DEBUG][toba] ************ CERRAR transaccion (toba_3_3@pg) ****************
[DEBUG][toba] [SECCION] Configurando dependencias para responder al servicio...
[DEBUG][toba] componente(1386): Pantalla de servicio: '2'
[INFO][toba] componente(1386): [ callback ] 'conf__2' no fue atrapado
[DEBUG][toba] componente(1390): Pantalla de servicio: '1'
[DEBUG][toba] Se elimino el evento: cancelar
[DEBUG][toba] Se elimino el evento: aceptar
[DEBUG][toba] componente(1390): [ callback ] 'conf__efs_importar'
[DEBUG][toba] componente(1390): [ callback ] 'conf__efs_lista'
[DEBUG][toba] Se elimino el evento: mostrar_esquema
[INFO][toba] componente(1390): [ callback ] 'conf__1' no fue atrapado
[INFO][toba] componente(1386): [ callback ] 'conf__efs' no fue atrapado
[DEBUG][toba_editor] La ventana de configuración de la zona no ha sido usada.
[DEBUG][toba] [SECCION] Respondiendo al servicio__generar_html...
-o-o-o-o-o-
Fecha: 22-05-2024 12:24:37
Operacion: Catálogo
Usuario: toba
Version-PHP: 7.4.33
Servidor: localhost
URI: /toba_editor/3.3/aplicacion.php?ah=st664ddc97b02bb5.03580254&ai=toba_editor%7C%7C1240&tcm=lateral&tm=1
Referrer: http://localhost:7001/toba_editor/3.3/aplicacion.php?ah=st664ddc972701f0.11799495&ai=toba_editor%7C%7C1000241
Host: 172.18.0.1
==========
[INFO][toba] Se detecto acceso desde el menu. Se limpia la memoria de la operacion
[DEBUG][toba_editor] PUNTO DE MONTAJE: se cargó exitosamente el autoload del punto de montaje proyecto
[INFO][toba_editor] PUNTO MONTAJE: se cargó la clase customizacion_toba/sesion_editor.php del punto de montaje proyecto. El path del mismo es /usr/local/proyectos/comision/vendor/siu-toba/framework/proyectos/toba_editor/php
[DEBUG][toba] [SECCION] Iniciando componentes...
[INFO][toba_editor] PUNTO MONTAJE: se cargó la clase catalogos/ci_catalogo_objetos.php del punto de montaje proyecto. El path del mismo es /usr/local/proyectos/comision/vendor/siu-toba/framework/proyectos/toba_editor/php
[DEBUG][toba] componente(1608): [callback][ ini__operacion ]
[DEBUG][toba] [SECCION] Procesando eventos...
[INFO][toba] componente(1608): No hay señales de un servicio anterior, no se atrapan eventos
[DEBUG][toba] [SECCION] Configurando dependencias para responder al servicio...
[DEBUG][toba] componente(1608): Pantalla de servicio: 'pant_listado'
[INFO][toba] componente(1608): [ callback ] 'conf__pant_listado' no fue atrapado
[INFO][toba_editor] PUNTO MONTAJE: se cargó la clase catalogos/cuadro_fotos.php del punto de montaje proyecto. El path del mismo es /usr/local/proyectos/comision/vendor/siu-toba/framework/proyectos/toba_editor/php
[DEBUG][toba] componente(1608): [ callback ] 'conf__fotos'
[INFO][toba_editor] PUNTO MONTAJE: se cargó la clase catalogos/filto_catalogo_comp.php del punto de montaje proyecto. El path del mismo es /usr/local/proyectos/comision/vendor/siu-toba/framework/proyectos/toba_editor/php
[DEBUG][toba] componente(1608): [ callback ] 'conf__filtro'
[DEBUG][toba] Se filtro el evento: cancelar
[DEBUG][toba] componente(1608): [ callback ] 'conf__listado'
[DEBUG][toba] [SECCION] Respondiendo al servicio__generar_html...
-o-o-o-o-o-
Fecha: 22-05-2024 12:24:40
Operacion: Catálogo
Usuario: toba
Version-PHP: 7.4.33
Servidor: localhost
URI: /toba_editor/3.3/aplicacion.php?ah=st664ddc97b02bb5.03580254&ai=toba_editor%7C%7C1000239&tcm=lateral&tm=1
Referrer: http://localhost:7001/toba_editor/3.3/aplicacion.php?ah=st664ddc972701f0.11799495&ai=toba_editor%7C%7C1000241
Host: 172.18.0.1
==========
[INFO][toba] Se detecto acceso desde el menu. Se limpia la memoria de la operacion
[DEBUG][toba_editor] PUNTO DE MONTAJE: se cargó exitosamente el autoload del punto de montaje proyecto
[INFO][toba_editor] PUNTO MONTAJE: se cargó la clase customizacion_toba/sesion_editor.php del punto de montaje proyecto. El path del mismo es /usr/local/proyectos/comision/vendor/siu-toba/framework/proyectos/toba_editor/php
[DEBUG][toba] [SECCION] Iniciando componentes...
[INFO][toba_editor] PUNTO MONTAJE: se cargó la clase catalogos/ci_catalogo_items.php del punto de montaje proyecto. El path del mismo es /usr/local/proyectos/comision/vendor/siu-toba/framework/proyectos/toba_editor/php
[DEBUG][toba] componente(1381): [callback][ ini__operacion ]
[DEBUG][toba] [SECCION] Procesando eventos...
[INFO][toba] componente(1381): No hay señales de un servicio anterior, no se atrapan eventos
[DEBUG][toba] [SECCION] Configurando dependencias para responder al servicio...
[DEBUG][toba] componente(1381): Pantalla de servicio: '1'
[INFO][toba] componente(1381): [ callback ] 'conf__1' no fue atrapado
[INFO][toba_editor] PUNTO MONTAJE: se cargó la clase catalogos/cuadro_fotos.php del punto de montaje proyecto. El path del mismo es /usr/local/proyectos/comision/vendor/siu-toba/framework/proyectos/toba_editor/php
[DEBUG][toba] componente(1381): [ callback ] 'conf__fotos'
[INFO][toba_editor] PUNTO MONTAJE: se cargó la clase catalogos/filtro_catalogo_items.php del punto de montaje proyecto. El path del mismo es /usr/local/proyectos/comision/vendor/siu-toba/framework/proyectos/toba_editor/php
[DEBUG][toba] componente(1381): [ callback ] 'conf__filtro'
[DEBUG][toba] Se filtro el evento: cancelar
[DEBUG][toba] componente(1381): [ callback ] 'conf__items'
[DEBUG][toba] [SECCION] Respondiendo al servicio__generar_html...
-o-o-o-o-o-
Fecha: 22-05-2024 12:24:46
Operacion: Catálogo
Usuario: toba
Version-PHP: 7.4.33
Servidor: localhost
URI: /toba_editor/3.3/aplicacion.php?ah=st664e0e373d1392.44013460&ai=toba_editor%7C%7C1000239&tcm=lateral
Referrer: http://localhost:7001/toba_editor/3.3/aplicacion.php?ah=st664ddc97b02bb5.03580254&ai=toba_editor%7C%7C1000239&tcm=lateral&tm=1
Host: 172.18.0.1
==========
[DEBUG][toba_editor] PUNTO DE MONTAJE: se cargó exitosamente el autoload del punto de montaje proyecto
[INFO][toba_editor] PUNTO MONTAJE: se cargó la clase customizacion_toba/sesion_editor.php del punto de montaje proyecto. El path del mismo es /usr/local/proyectos/comision/vendor/siu-toba/framework/proyectos/toba_editor/php
[DEBUG][toba] [SECCION] Iniciando componentes...
[INFO][toba_editor] PUNTO MONTAJE: se cargó la clase catalogos/ci_catalogo_items.php del punto de montaje proyecto. El path del mismo es /usr/local/proyectos/comision/vendor/siu-toba/framework/proyectos/toba_editor/php
[DEBUG][toba] componente(1381): Pantalla de eventos: '1'
[DEBUG][toba] [SECCION] Procesando eventos...
[DEBUG][toba] componente(1381): [ inicializar_dependencias ]
array (
  0 => 'fotos',
  1 => 'filtro',
  2 => 'items',
)
[INFO][toba_editor] PUNTO MONTAJE: se cargó la clase catalogos/cuadro_fotos.php del punto de montaje proyecto. El path del mismo es /usr/local/proyectos/comision/vendor/siu-toba/framework/proyectos/toba_editor/php
[INFO][toba_editor] PUNTO MONTAJE: se cargó la clase catalogos/filtro_catalogo_items.php del punto de montaje proyecto. El path del mismo es /usr/local/proyectos/comision/vendor/siu-toba/framework/proyectos/toba_editor/php
[DEBUG][toba] componente(1381): [ registrar_evento ] 'cambio_apertura' -> [ evt__items__cambio_apertura ]
array (
  0 => 
  array (
    1 => '1',
    2 => '1',
    1842000002 => '0',
    35736730000054 => '0',
    35736730000046 => '0',
    35736730000098 => '0',
    35736730000045 => '0',
    35736730000053 => '0',
    35736730000073 => '0',
    24234000001 => '1',
    24234000002 => '0',
  ),
)
[DEBUG][toba] componente(1381): [ registrar_evento ] 'ver_propiedades' -> [ evt__items__ver_propiedades ]
array (
  0 => '24234000002',
)
[DEBUG][toba] [SECCION] Configurando dependencias para responder al servicio...
[DEBUG][toba] componente(1381): Pantalla de servicio: '1'
[INFO][toba] componente(1381): [ callback ] 'conf__1' no fue atrapado
[DEBUG][toba] componente(1381): [ callback ] 'conf__fotos'
[DEBUG][toba] componente(1381): [ callback ] 'conf__filtro'
[DEBUG][toba] componente(1381): [ callback ] 'conf__items'
[DEBUG][toba] [SECCION] Respondiendo al servicio__generar_html...
-o-o-o-o-o-
Fecha: 22-05-2024 12:24:49
Operacion: Catálogo
Usuario: toba
Version-PHP: 7.4.33
Servidor: localhost
URI: /toba_editor/3.3/aplicacion.php?ah=st664e0e3d1cc960.45085960&ai=toba_editor%7C%7C1000239&tcm=lateral
Referrer: http://localhost:7001/toba_editor/3.3/aplicacion.php?ah=st664e0e373d1392.44013460&ai=toba_editor%7C%7C1000239&tcm=lateral
Host: 172.18.0.1
==========
[DEBUG][toba_editor] PUNTO DE MONTAJE: se cargó exitosamente el autoload del punto de montaje proyecto
[INFO][toba_editor] PUNTO MONTAJE: se cargó la clase customizacion_toba/sesion_editor.php del punto de montaje proyecto. El path del mismo es /usr/local/proyectos/comision/vendor/siu-toba/framework/proyectos/toba_editor/php
[DEBUG][toba] [SECCION] Iniciando componentes...
[INFO][toba_editor] PUNTO MONTAJE: se cargó la clase catalogos/ci_catalogo_items.php del punto de montaje proyecto. El path del mismo es /usr/local/proyectos/comision/vendor/siu-toba/framework/proyectos/toba_editor/php
[DEBUG][toba] componente(1381): Pantalla de eventos: '1'
[DEBUG][toba] [SECCION] Procesando eventos...
[DEBUG][toba] componente(1381): [ inicializar_dependencias ]
array (
  0 => 'fotos',
  1 => 'filtro',
  2 => 'items',
)
[INFO][toba_editor] PUNTO MONTAJE: se cargó la clase catalogos/cuadro_fotos.php del punto de montaje proyecto. El path del mismo es /usr/local/proyectos/comision/vendor/siu-toba/framework/proyectos/toba_editor/php
[INFO][toba_editor] PUNTO MONTAJE: se cargó la clase catalogos/filtro_catalogo_items.php del punto de montaje proyecto. El path del mismo es /usr/local/proyectos/comision/vendor/siu-toba/framework/proyectos/toba_editor/php
[DEBUG][toba] componente(1381): [ registrar_evento ] 'cambio_apertura' -> [ evt__items__cambio_apertura ]
array (
  0 => 
  array (
    24234000002 => '1',
    24234000010 => '0',
    24234000007 => '0',
    24234000009 => '0',
  ),
)
[DEBUG][toba] componente(1381): [ registrar_evento ] 'ver_propiedades' -> [ evt__items__ver_propiedades ]
array (
  0 => '24234000010',
)
[DEBUG][toba] [SECCION] Configurando dependencias para responder al servicio...
[DEBUG][toba] componente(1381): Pantalla de servicio: '1'
[INFO][toba] componente(1381): [ callback ] 'conf__1' no fue atrapado
[DEBUG][toba] componente(1381): [ callback ] 'conf__fotos'
[DEBUG][toba] componente(1381): [ callback ] 'conf__filtro'
[DEBUG][toba] componente(1381): [ callback ] 'conf__items'
[DEBUG][toba] [SECCION] Respondiendo al servicio__generar_html...
-o-o-o-o-o-
Fecha: 22-05-2024 12:24:55
Operacion: Crear
Usuario: toba
Version-PHP: 7.4.33
Servidor: localhost
URI: /toba_editor/3.3/aplicacion.php?ah=st664e0e405637d2.78497717&ai=toba_editor%7C%7C1000247&tcm=central&destino_tipo=toba_item&destino_proyecto=comision&destino_id=24234000010&tm=1
Referrer: http://localhost:7001/toba_editor/3.3/aplicacion.php?ah=st664e0e3d1cc960.45085960&ai=toba_editor%7C%7C1000239&tcm=lateral
Host: 172.18.0.1
==========
[INFO][toba] Se detecto acceso desde el menu. Se limpia la memoria de la operacion
[DEBUG][toba_editor] PUNTO DE MONTAJE: se cargó exitosamente el autoload del punto de montaje proyecto
[INFO][toba_editor] PUNTO MONTAJE: se cargó la clase customizacion_toba/sesion_editor.php del punto de montaje proyecto. El path del mismo es /usr/local/proyectos/comision/vendor/siu-toba/framework/proyectos/toba_editor/php
[DEBUG][toba] [SECCION] Iniciando componentes...
[INFO][toba_editor] PUNTO MONTAJE: se cargó la clase objetos_toba/ci_creador_objeto.php del punto de montaje proyecto. El path del mismo es /usr/local/proyectos/comision/vendor/siu-toba/framework/proyectos/toba_editor/php
[DEBUG][toba] componente(1512): [callback][ ini__operacion ]
[DEBUG][toba] [SECCION] Procesando eventos...
[INFO][toba] componente(1512): No hay señales de un servicio anterior, no se atrapan eventos
[INFO][toba] componente(1512): [ callback ] 'evt__pant_tipos__entrada' no fue atrapado
[DEBUG][toba] [SECCION] Configurando dependencias para responder al servicio...
[DEBUG][toba] componente(1512): Pantalla de servicio: 'pant_tipos'
[DEBUG][toba] componente(1512): [ callback ] 'conf__pant_tipos'
[DEBUG][toba] componente(1512): [ callback ] 'conf__tipos'
[DEBUG][toba] [SECCION] Respondiendo al servicio__generar_html...
-o-o-o-o-o-
Fecha: 22-05-2024 12:25:04
Operacion: Editor ci
Usuario: toba
Version-PHP: 7.4.33
Servidor: localhost
URI: /toba_editor/3.3/aplicacion.php?ah=st664e0e405637d2.78497717&ai=toba_editor%7C%7C1000249&tcm=central&tz=comision%7C%7C24234000022&pantalla=pant_inicial&tm=1
Referrer: http://localhost:7001/toba_editor/3.3/aplicacion.php?ah=st664e0e3d1cc960.45085960&ai=toba_editor%7C%7C1000239&tcm=lateral
Host: 172.18.0.1
==========
[INFO][toba] Se detecto acceso desde el menu. Se limpia la memoria de la operacion
[DEBUG][toba_editor] PUNTO DE MONTAJE: se cargó exitosamente el autoload del punto de montaje proyecto
[INFO][toba_editor] PUNTO MONTAJE: se cargó la clase customizacion_toba/sesion_editor.php del punto de montaje proyecto. El path del mismo es /usr/local/proyectos/comision/vendor/siu-toba/framework/proyectos/toba_editor/php
[DEBUG][toba_editor] Cargando la zona 'zona_objeto' con el editable 'array (
  0 => 'comision',
  1 => '24234000022',
)'
[DEBUG][toba] [SECCION] Iniciando componentes...
[INFO][toba_editor] PUNTO MONTAJE: se cargó la clase objetos_toba/ci/ci_principal.php del punto de montaje proyecto. El path del mismo es /usr/local/proyectos/comision/vendor/siu-toba/framework/proyectos/toba_editor/php
[DEBUG][toba] componente(1354): [callback][ ini__operacion ]
[INFO][toba_editor] PUNTO MONTAJE: se cargó la clase objetos_toba/eiform_abm_detalle.php del punto de montaje proyecto. El path del mismo es /usr/local/proyectos/comision/vendor/siu-toba/framework/proyectos/toba_editor/php
[DEBUG][toba] componente(1359):  IMPLICITO: modificacion
[DEBUG][toba_editor] componente(1354): *** se cargo la relacion: 24234000022
[INFO][toba_editor] PUNTO MONTAJE: se cargó la clase db/odr_ci.php del punto de montaje proyecto. El path del mismo es /usr/local/proyectos/comision/vendor/siu-toba/framework/proyectos/toba_editor/php
[INFO][toba_editor] PUNTO MONTAJE: se cargó la clase db/odt_pantallas.php del punto de montaje proyecto. El path del mismo es /usr/local/proyectos/comision/vendor/siu-toba/framework/proyectos/toba_editor/php
[INFO][toba_editor] PUNTO MONTAJE: se cargó la clase db/odt_eventos.php del punto de montaje proyecto. El path del mismo es /usr/local/proyectos/comision/vendor/siu-toba/framework/proyectos/toba_editor/php
[DEBUG][toba] componente(1507): odr_ci: ***   Inicio CARGAR ****************************
[DEBUG][toba] TABLA: [apex_objeto_mt_me]
RESET!!
[DEBUG][toba] TABLA: [apex_objeto_mt_me]
Se resetea el cursor
[DEBUG][toba] TABLA: [apex_objeto_ci_pantalla]
RESET!!
[DEBUG][toba] TABLA: [apex_objeto_ci_pantalla]
Se resetea el cursor
[DEBUG][toba] TABLA: [apex_objeto_eventos]
RESET!!
[DEBUG][toba] TABLA: [apex_objeto_eventos]
Se resetea el cursor
[DEBUG][toba] TABLA: [apex_objeto_dependencias]
RESET!!
[DEBUG][toba] TABLA: [apex_objeto_dependencias]
Se resetea el cursor
[DEBUG][toba] TABLA: [apex_objeto]
RESET!!
[DEBUG][toba] TABLA: [apex_objeto]
Se resetea el cursor
[DEBUG][toba] TABLA: [apex_ptos_control_x_evento]
RESET!!
[DEBUG][toba] TABLA: [apex_ptos_control_x_evento]
Se resetea el cursor
[DEBUG][toba] TABLA: [apex_eventos_pantalla]
RESET!!
[DEBUG][toba] TABLA: [apex_eventos_pantalla]
Se resetea el cursor
[DEBUG][toba] TABLA: [apex_objetos_pantalla]
RESET!!
[DEBUG][toba] TABLA: [apex_objetos_pantalla]
Se resetea el cursor
[DEBUG][toba] AP_TABLA: [apex_objeto]
SQL de carga: 
SELECT
	base.proyecto, 
	base.objeto, 
	base.anterior, 
	base.reflexivo, 
	base.clase_proyecto, 
	base.clase, 
	base.subclase, 
	base.subclase_archivo, 
	base.nombre, 
	base.titulo, 
	base.colapsable, 
	base.descripcion, 
	base.fuente_datos_proyecto, 
	base.fuente_datos, 
	base.parametro_a, 
	base.parametro_b, 
	base.parametro_c, 
	base.parametro_d, 
	base.parametro_e, 
	base.identificador, 
	base.objeto_categoria_proyecto, 
	base.objeto_categoria, 
	base.solicitud_registrar, 
	base.solicitud_obj_obs_tipo, 
	base.solicitud_obj_observacion, 
	base.parametro_f, 
	base.usuario, 
	base.creacion, 
	base.punto_montaje, 
	base.posicion_botonera
FROM
	apex_objeto as base
WHERE
	base.proyecto = 'comision' AND
	base.objeto = '24234000022'

[DEBUG][toba] TABLA: [apex_objeto]
Carga de datos  FILAS: 1
[DEBUG][toba] AP_TABLA: [apex_objeto_mt_me]
SQL de carga: 
SELECT
	prop_basicas.objeto_mt_me_proyecto, 
	prop_basicas.objeto_mt_me, 
	prop_basicas.ev_procesar_etiq, 
	prop_basicas.ev_cancelar_etiq, 
	prop_basicas.ancho, 
	prop_basicas.alto, 
	prop_basicas.tipo_navegacion, 
	prop_basicas.con_toc, 
	prop_basicas.incremental, 
	prop_basicas.debug_eventos, 
	prop_basicas.activacion_procesar, 
	prop_basicas.activacion_cancelar, 
	prop_basicas.ev_procesar, 
	prop_basicas.ev_cancelar, 
	prop_basicas.objetos, 
	prop_basicas.post_procesar, 
	prop_basicas.metodo_despachador, 
	prop_basicas.metodo_opciones, 
	prop_basicas.botonera_barra_item
FROM
	apex_objeto_mt_me as prop_basicas
WHERE
	(prop_basicas.objeto_mt_me_proyecto, prop_basicas.objeto_mt_me) IN (
		SELECT
			proyecto, 
			objeto
		FROM
			apex_objeto as base
		WHERE
			base.proyecto = 'comision' AND
			base.objeto = '24234000022' )

[DEBUG][toba] TABLA: [apex_objeto_mt_me]
Carga de datos  FILAS: 1
[DEBUG][toba] AP_TABLA: [apex_objeto_eventos]
SQL de carga: 
SELECT
	eventos.proyecto, 
	eventos.objeto, 
	eventos.identificador, 
	eventos.etiqueta, 
	eventos.maneja_datos, 
	eventos.sobre_fila, 
	eventos.confirmacion, 
	eventos.estilo, 
	eventos.imagen_recurso_origen, 
	eventos.imagen, 
	eventos.en_botonera, 
	eventos.ayuda, 
	eventos.orden, 
	eventos.ci_predep, 
	eventos.implicito, 
	eventos.grupo, 
	eventos.evento_id, 
	eventos.display_datos_cargados, 
	eventos.accion, 
	eventos.accion_imphtml_debug, 
	eventos.accion_vinculo_target, 
	eventos.accion_vinculo_celda, 
	eventos.defecto, 
	eventos.accion_vinculo_carpeta, 
	eventos.accion_vinculo_item, 
	eventos.accion_vinculo_objeto, 
	eventos.accion_vinculo_popup, 
	eventos.accion_vinculo_popup_param, 
	eventos.accion_vinculo_servicio, 
	eventos.es_seleccion_multiple, 
	eventos.es_autovinculo
FROM
	apex_objeto_eventos as eventos
WHERE
	(eventos.proyecto, eventos.objeto) IN (
		SELECT
			proyecto, 
			objeto
		FROM
			apex_objeto as base
		WHERE
			base.proyecto = 'comision' AND
			base.objeto = '24234000022' )

[DEBUG][toba] TABLA: [apex_objeto_eventos]
Carga de datos  FILAS: 1
[DEBUG][toba] AP_TABLA: [apex_objeto_dependencias]
SQL de carga: 
SELECT
	apex_objeto_dependencias.proyecto, 
	apex_objeto_dependencias.objeto_consumidor, 
	apex_objeto_dependencias.objeto_proveedor, 
	apex_objeto_dependencias.identificador, 
	apex_objeto_dependencias.parametros_a, 
	apex_objeto_dependencias.parametros_b, 
	apex_objeto_dependencias.parametros_c, 
	apex_objeto_dependencias.inicializar, 
	apex_objeto_dependencias.dep_id, 
	apex_objeto_dependencias.orden
FROM
	apex_objeto_dependencias as apex_objeto_dependencias
WHERE
	(apex_objeto_dependencias.proyecto, apex_objeto_dependencias.objeto_consumidor) IN (
		SELECT
			proyecto, 
			objeto
		FROM
			apex_objeto as base
		WHERE
			base.proyecto = 'comision' AND
			base.objeto = '24234000022' )

[DEBUG][toba] AP_TABLA: [apex_objeto_dependencias]
Inicio carga de campos externos
[DEBUG][toba] TABLA: [apex_objeto_dependencias]
Carga de datos  FILAS: 3
[DEBUG][toba] AP_TABLA: [apex_objeto_ci_pantalla]
SQL de carga: 
SELECT
	pantallas.objeto_ci_proyecto, 
	pantallas.objeto_ci, 
	pantallas.pantalla, 
	pantallas.identificador, 
	pantallas.orden, 
	pantallas.etiqueta, 
	pantallas.descripcion, 
	pantallas.tip, 
	pantallas.imagen_recurso_origen, 
	pantallas.imagen, 
	pantallas.objetos, 
	pantallas.eventos, 
	pantallas.subclase, 
	pantallas.subclase_archivo, 
	pantallas.punto_montaje, 
	pantallas.template, 
	pantallas.template_impresion
FROM
	apex_objeto_ci_pantalla as pantallas
WHERE
	(pantallas.objeto_ci_proyecto, pantallas.objeto_ci) IN (
		SELECT
			objeto_mt_me_proyecto, 
			objeto_mt_me
		FROM
			apex_objeto_mt_me as prop_basicas
		WHERE
			(prop_basicas.objeto_mt_me_proyecto, prop_basicas.objeto_mt_me) IN (
				SELECT
					proyecto, 
					objeto
				FROM
					apex_objeto as base
				WHERE
					base.proyecto = 'comision' AND
					base.objeto = '24234000022' ) )

[DEBUG][toba] TABLA: [apex_objeto_ci_pantalla]
Carga de datos  FILAS: 1
[DEBUG][toba] AP_TABLA: [apex_ptos_control_x_evento]
SQL de carga: 
SELECT
	puntos_control.objeto, 
	puntos_control.proyecto, 
	puntos_control.pto_control, 
	puntos_control.evento_id
FROM
	apex_ptos_control_x_evento as puntos_control
WHERE
	(puntos_control.proyecto, puntos_control.objeto, puntos_control.evento_id) IN (
		SELECT
			proyecto, 
			objeto, 
			evento_id
		FROM
			apex_objeto_eventos as eventos
		WHERE
			(eventos.proyecto, eventos.objeto) IN (
				SELECT
					proyecto, 
					objeto
				FROM
					apex_objeto as base
				WHERE
					base.proyecto = 'comision' AND
					base.objeto = '24234000022' ) )

[DEBUG][toba] AP_TABLA: [apex_ptos_control_x_evento]
 FILAS: 0
[DEBUG][toba] AP_TABLA: [apex_eventos_pantalla]
SQL de carga: 
SELECT
	apex_eventos_pantalla.pantalla, 
	apex_eventos_pantalla.objeto_ci, 
	apex_eventos_pantalla.evento_id, 
	apex_eventos_pantalla.proyecto
FROM
	apex_eventos_pantalla as apex_eventos_pantalla
WHERE
	(apex_eventos_pantalla.proyecto, apex_eventos_pantalla.evento_id) IN (
		SELECT
			proyecto, 
			evento_id
		FROM
			apex_objeto_eventos as eventos
		WHERE
			(eventos.proyecto, eventos.objeto) IN (
				SELECT
					proyecto, 
					objeto
				FROM
					apex_objeto as base
				WHERE
					base.proyecto = 'comision' AND
					base.objeto = '24234000022' ) ) AND
	(apex_eventos_pantalla.proyecto, apex_eventos_pantalla.objeto_ci, apex_eventos_pantalla.pantalla) IN (
		SELECT
			objeto_ci_proyecto, 
			objeto_ci, 
			pantalla
		FROM
			apex_objeto_ci_pantalla as pantallas
		WHERE
			(pantallas.objeto_ci_proyecto, pantallas.objeto_ci) IN (
				SELECT
					objeto_mt_me_proyecto, 
					objeto_mt_me
				FROM
					apex_objeto_mt_me as prop_basicas
				WHERE
					(prop_basicas.objeto_mt_me_proyecto, prop_basicas.objeto_mt_me) IN (
						SELECT
							proyecto, 
							objeto
						FROM
							apex_objeto as base
						WHERE
							base.proyecto = 'comision' AND
							base.objeto = '24234000022' ) ) )

[DEBUG][toba] AP_TABLA: [apex_eventos_pantalla]
Inicio carga de campos externos
[DEBUG][toba_editor] SELECT identificador 
FROM  apex_objeto_eventos
WHERE proyecto = 'comision' AND
objeto = '24234000022' AND
evento_id = '24234000017'
[DEBUG][toba] TABLA: [apex_eventos_pantalla]
Carga de datos  FILAS: 1
[DEBUG][toba] AP_TABLA: [apex_objetos_pantalla]
SQL de carga: 
SELECT
	apex_objetos_pantalla.proyecto, 
	apex_objetos_pantalla.pantalla, 
	apex_objetos_pantalla.objeto_ci, 
	apex_objetos_pantalla.orden, 
	apex_objetos_pantalla.dep_id
FROM
	apex_objetos_pantalla as apex_objetos_pantalla
WHERE
	(apex_objetos_pantalla.proyecto, apex_objetos_pantalla.objeto_ci, apex_objetos_pantalla.dep_id) IN (
		SELECT
			proyecto, 
			objeto_consumidor, 
			dep_id
		FROM
			apex_objeto_dependencias as apex_objeto_dependencias
		WHERE
			(apex_objeto_dependencias.proyecto, apex_objeto_dependencias.objeto_consumidor) IN (
				SELECT
					proyecto, 
					objeto
				FROM
					apex_objeto as base
				WHERE
					base.proyecto = 'comision' AND
					base.objeto = '24234000022' ) ) AND
	(apex_objetos_pantalla.proyecto, apex_objetos_pantalla.objeto_ci, apex_objetos_pantalla.pantalla) IN (
		SELECT
			objeto_ci_proyecto, 
			objeto_ci, 
			pantalla
		FROM
			apex_objeto_ci_pantalla as pantallas
		WHERE
			(pantallas.objeto_ci_proyecto, pantallas.objeto_ci) IN (
				SELECT
					objeto_mt_me_proyecto, 
					objeto_mt_me
				FROM
					apex_objeto_mt_me as prop_basicas
				WHERE
					(prop_basicas.objeto_mt_me_proyecto, prop_basicas.objeto_mt_me) IN (
						SELECT
							proyecto, 
							objeto
						FROM
							apex_objeto as base
						WHERE
							base.proyecto = 'comision' AND
							base.objeto = '24234000022' ) ) )

[DEBUG][toba] AP_TABLA: [apex_objetos_pantalla]
Inicio carga de campos externos
[DEBUG][toba_editor] SELECT identificador as dependencia
FROM  apex_objeto_dependencias
WHERE
proyecto = 'comision' AND objeto_consumidor = '24234000022' AND dep_id = '24234000013'
[DEBUG][toba] TABLA: [apex_objetos_pantalla]
Carga de datos  FILAS: 1
[DEBUG][toba] componente(1507): odr_ci: ***   Fin CARGAR (OK) *************************
[DEBUG][toba] [SECCION] Procesando eventos...
[INFO][toba] componente(1354): No hay señales de un servicio anterior, no se atrapan eventos
[INFO][toba] componente(1354): [ callback ] 'evt__2__entrada' no fue atrapado
[DEBUG][toba] [SECCION] Configurando dependencias para responder al servicio...
[DEBUG][toba] TABLA: [apex_objeto_ci_pantalla]
Nuevo cursor '0' en reemplazo del anterior ''
[DEBUG][toba] componente(1354): Pantalla de servicio: '2'
[DEBUG][toba] componente(1354): [ callback ] 'conf__2'
[DEBUG][toba] componente(1354): [ callback ] 'conf__pantallas_lista'
[INFO][toba_editor] PUNTO MONTAJE: se cargó la clase objetos_toba/ci/eiform_pantallas.php del punto de montaje proyecto. El path del mismo es /usr/local/proyectos/comision/vendor/siu-toba/framework/proyectos/toba_editor/php
[DEBUG][toba] componente(1357):  IMPLICITO: modificacion
[DEBUG][toba] componente(1354): [ callback ] 'conf__pantallas'
[DEBUG][toba] Se elimino el evento: ver_php
[DEBUG][toba] Se elimino el evento: abrir_php
[DEBUG][toba] Se elimino el evento: personalizar
[DEBUG][toba] componente(1360):  IMPLICITO: modificacion
[DEBUG][toba] componente(1354): [ callback ] 'conf__pantallas_ei'
[DEBUG][toba] componente(1416):  IMPLICITO: modificacion
[DEBUG][toba] componente(1354): [ callback ] 'conf__pantallas_evt'
[DEBUG][toba_editor] La ventana de configuración de la zona no ha sido usada.
[DEBUG][toba] [SECCION] Respondiendo al servicio__generar_html...
-o-o-o-o-o-
Fecha: 22-05-2024 12:25:04
Operacion: Crear
Usuario: toba
Version-PHP: 7.4.33
Servidor: localhost
URI: /toba_editor/3.3/aplicacion.php?ah=st664e0e405637d2.78497717&ai=toba_editor%7C%7C1000247&tcm=central&destino_tipo=toba_ci_pantalla&destino_proyecto=comision&destino_id=24234000022&destino_pantalla=24234000005&tm=1
Referrer: http://localhost:7001/toba_editor/3.3/aplicacion.php?ah=st664e0e3d1cc960.45085960&ai=toba_editor%7C%7C1000239&tcm=lateral
Host: 172.18.0.1
==========
[INFO][toba] Se detecto acceso desde el menu. Se limpia la memoria de la operacion
[DEBUG][toba_editor] PUNTO DE MONTAJE: se cargó exitosamente el autoload del punto de montaje proyecto
[INFO][toba_editor] PUNTO MONTAJE: se cargó la clase customizacion_toba/sesion_editor.php del punto de montaje proyecto. El path del mismo es /usr/local/proyectos/comision/vendor/siu-toba/framework/proyectos/toba_editor/php
[DEBUG][toba] [SECCION] Iniciando componentes...
[INFO][toba_editor] PUNTO MONTAJE: se cargó la clase objetos_toba/ci_creador_objeto.php del punto de montaje proyecto. El path del mismo es /usr/local/proyectos/comision/vendor/siu-toba/framework/proyectos/toba_editor/php
[DEBUG][toba] componente(1512): [callback][ ini__operacion ]
[DEBUG][toba] [SECCION] Procesando eventos...
[INFO][toba] componente(1512): No hay señales de un servicio anterior, no se atrapan eventos
[INFO][toba] componente(1512): [ callback ] 'evt__pant_tipos__entrada' no fue atrapado
[DEBUG][toba] [SECCION] Configurando dependencias para responder al servicio...
[DEBUG][toba] componente(1512): Pantalla de servicio: 'pant_tipos'
[DEBUG][toba] componente(1512): [ callback ] 'conf__pant_tipos'
[INFO][toba_editor] PUNTO MONTAJE: se cargó la clase objetos_toba/eiform_asoc_dep.php del punto de montaje proyecto. El path del mismo es /usr/local/proyectos/comision/vendor/siu-toba/framework/proyectos/toba_editor/php
[DEBUG][toba] componente(1603):  IMPLICITO: modificacion
[DEBUG][toba] componente(1512): [ callback ] 'conf__info_asignacion'
[DEBUG][toba] componente(1512): [ callback ] 'conf__tipos'
[DEBUG][toba] [SECCION] Respondiendo al servicio__generar_html...
-o-o-o-o-o-
Fecha: 22-05-2024 12:25:24
Operacion: Catálogo
Usuario: toba
Version-PHP: 7.4.33
Servidor: localhost
URI: /toba_editor/3.3/aplicacion.php?ah=st664ddc97b02bb5.03580254&ai=toba_editor%7C%7C1000239&tcm=lateral&tm=1
Referrer: http://localhost:7001/toba_editor/3.3/aplicacion.php?ah=st664ddc972701f0.11799495&ai=toba_editor%7C%7C1000241
Host: 172.18.0.1
==========
[INFO][toba] Se detecto acceso desde el menu. Se limpia la memoria de la operacion
[DEBUG][toba_editor] PUNTO DE MONTAJE: se cargó exitosamente el autoload del punto de montaje proyecto
[INFO][toba_editor] PUNTO MONTAJE: se cargó la clase customizacion_toba/sesion_editor.php del punto de montaje proyecto. El path del mismo es /usr/local/proyectos/comision/vendor/siu-toba/framework/proyectos/toba_editor/php
[DEBUG][toba] [SECCION] Iniciando componentes...
[INFO][toba_editor] PUNTO MONTAJE: se cargó la clase catalogos/ci_catalogo_items.php del punto de montaje proyecto. El path del mismo es /usr/local/proyectos/comision/vendor/siu-toba/framework/proyectos/toba_editor/php
[DEBUG][toba] componente(1381): [callback][ ini__operacion ]
[DEBUG][toba] [SECCION] Procesando eventos...
[INFO][toba] componente(1381): No hay señales de un servicio anterior, no se atrapan eventos
[DEBUG][toba] [SECCION] Configurando dependencias para responder al servicio...
[DEBUG][toba] componente(1381): Pantalla de servicio: '1'
[INFO][toba] componente(1381): [ callback ] 'conf__1' no fue atrapado
[INFO][toba_editor] PUNTO MONTAJE: se cargó la clase catalogos/cuadro_fotos.php del punto de montaje proyecto. El path del mismo es /usr/local/proyectos/comision/vendor/siu-toba/framework/proyectos/toba_editor/php
[DEBUG][toba] componente(1381): [ callback ] 'conf__fotos'
[INFO][toba_editor] PUNTO MONTAJE: se cargó la clase catalogos/filtro_catalogo_items.php del punto de montaje proyecto. El path del mismo es /usr/local/proyectos/comision/vendor/siu-toba/framework/proyectos/toba_editor/php
[DEBUG][toba] componente(1381): [ callback ] 'conf__filtro'
[DEBUG][toba] Se filtro el evento: cancelar
[DEBUG][toba] componente(1381): [ callback ] 'conf__items'
[DEBUG][toba] [SECCION] Respondiendo al servicio__generar_html...
-o-o-o-o-o-
Fecha: 22-05-2024 12:25:29
Operacion: Catálogo
Usuario: toba
Version-PHP: 7.4.33
Servidor: localhost
URI: /toba_editor/3.3/aplicacion.php?ah=st664e0e636bcfa1.70834450&ai=toba_editor%7C%7C1000239&tcm=lateral
Referrer: http://localhost:7001/toba_editor/3.3/aplicacion.php?ah=st664ddc97b02bb5.03580254&ai=toba_editor%7C%7C1000239&tcm=lateral&tm=1
Host: 172.18.0.1
==========
[DEBUG][toba_editor] PUNTO DE MONTAJE: se cargó exitosamente el autoload del punto de montaje proyecto
[INFO][toba_editor] PUNTO MONTAJE: se cargó la clase customizacion_toba/sesion_editor.php del punto de montaje proyecto. El path del mismo es /usr/local/proyectos/comision/vendor/siu-toba/framework/proyectos/toba_editor/php
[DEBUG][toba] [SECCION] Iniciando componentes...
[INFO][toba_editor] PUNTO MONTAJE: se cargó la clase catalogos/ci_catalogo_items.php del punto de montaje proyecto. El path del mismo es /usr/local/proyectos/comision/vendor/siu-toba/framework/proyectos/toba_editor/php
[DEBUG][toba] componente(1381): Pantalla de eventos: '1'
[DEBUG][toba] [SECCION] Procesando eventos...
[DEBUG][toba] componente(1381): [ inicializar_dependencias ]
array (
  0 => 'fotos',
  1 => 'filtro',
  2 => 'items',
)
[INFO][toba_editor] PUNTO MONTAJE: se cargó la clase catalogos/cuadro_fotos.php del punto de montaje proyecto. El path del mismo es /usr/local/proyectos/comision/vendor/siu-toba/framework/proyectos/toba_editor/php
[INFO][toba_editor] PUNTO MONTAJE: se cargó la clase catalogos/filtro_catalogo_items.php del punto de montaje proyecto. El path del mismo es /usr/local/proyectos/comision/vendor/siu-toba/framework/proyectos/toba_editor/php
[DEBUG][toba] componente(1381): [ registrar_evento ] 'cambio_apertura' -> [ evt__items__cambio_apertura ]
array (
  0 => 
  array (
    1 => '1',
    2 => '1',
    1842000002 => '0',
    35736730000054 => '0',
    35736730000046 => '0',
    35736730000098 => '0',
    35736730000045 => '0',
    35736730000053 => '0',
    35736730000073 => '0',
    24234000001 => '1',
    24234000002 => '0',
  ),
)
[DEBUG][toba] componente(1381): [ registrar_evento ] 'ver_propiedades' -> [ evt__items__ver_propiedades ]
array (
  0 => '2',
)
[DEBUG][toba] [SECCION] Configurando dependencias para responder al servicio...
[DEBUG][toba] componente(1381): Pantalla de servicio: '1'
[INFO][toba] componente(1381): [ callback ] 'conf__1' no fue atrapado
[DEBUG][toba] componente(1381): [ callback ] 'conf__fotos'
[DEBUG][toba] componente(1381): [ callback ] 'conf__filtro'
[DEBUG][toba] componente(1381): [ callback ] 'conf__items'
[DEBUG][toba] [SECCION] Respondiendo al servicio__generar_html...
-o-o-o-o-o-
Fecha: 22-05-2024 12:25:35
Operacion: Crear
Usuario: toba
Version-PHP: 7.4.33
Servidor: localhost
URI: /toba_editor/3.3/aplicacion.php?ah=st664e0e68bead41.20175522&ai=toba_editor%7C%7C1000247&tcm=central&destino_tipo=toba_item&destino_proyecto=comision&destino_id=2&tm=1
Referrer: http://localhost:7001/toba_editor/3.3/aplicacion.php?ah=st664e0e636bcfa1.70834450&ai=toba_editor%7C%7C1000239&tcm=lateral
Host: 172.18.0.1
==========
[INFO][toba] Se detecto acceso desde el menu. Se limpia la memoria de la operacion
[DEBUG][toba_editor] PUNTO DE MONTAJE: se cargó exitosamente el autoload del punto de montaje proyecto
[INFO][toba_editor] PUNTO MONTAJE: se cargó la clase customizacion_toba/sesion_editor.php del punto de montaje proyecto. El path del mismo es /usr/local/proyectos/comision/vendor/siu-toba/framework/proyectos/toba_editor/php
[DEBUG][toba] [SECCION] Iniciando componentes...
[INFO][toba_editor] PUNTO MONTAJE: se cargó la clase objetos_toba/ci_creador_objeto.php del punto de montaje proyecto. El path del mismo es /usr/local/proyectos/comision/vendor/siu-toba/framework/proyectos/toba_editor/php
[DEBUG][toba] componente(1512): [callback][ ini__operacion ]
[DEBUG][toba] [SECCION] Procesando eventos...
[INFO][toba] componente(1512): No hay señales de un servicio anterior, no se atrapan eventos
[INFO][toba] componente(1512): [ callback ] 'evt__pant_tipos__entrada' no fue atrapado
[DEBUG][toba] [SECCION] Configurando dependencias para responder al servicio...
[DEBUG][toba] componente(1512): Pantalla de servicio: 'pant_tipos'
[DEBUG][toba] componente(1512): [ callback ] 'conf__pant_tipos'
[DEBUG][toba] componente(1512): [ callback ] 'conf__tipos'
[DEBUG][toba] [SECCION] Respondiendo al servicio__generar_html...
-o-o-o-o-o-
Fecha: 22-05-2024 12:25:44
Operacion: Catálogo
Usuario: toba
Version-PHP: 7.4.33
Servidor: localhost
URI: /toba_editor/3.3/aplicacion.php?ah=st664e0e68bead41.20175522&ai=toba_editor%7C%7C1000239&tcm=lateral
Referrer: http://localhost:7001/toba_editor/3.3/aplicacion.php?ah=st664e0e636bcfa1.70834450&ai=toba_editor%7C%7C1000239&tcm=lateral
Host: 172.18.0.1
==========
[DEBUG][toba_editor] PUNTO DE MONTAJE: se cargó exitosamente el autoload del punto de montaje proyecto
[INFO][toba_editor] PUNTO MONTAJE: se cargó la clase customizacion_toba/sesion_editor.php del punto de montaje proyecto. El path del mismo es /usr/local/proyectos/comision/vendor/siu-toba/framework/proyectos/toba_editor/php
[DEBUG][toba] [SECCION] Iniciando componentes...
[INFO][toba_editor] PUNTO MONTAJE: se cargó la clase catalogos/ci_catalogo_items.php del punto de montaje proyecto. El path del mismo es /usr/local/proyectos/comision/vendor/siu-toba/framework/proyectos/toba_editor/php
[DEBUG][toba] componente(1381): Pantalla de eventos: '1'
[DEBUG][toba] [SECCION] Procesando eventos...
[DEBUG][toba] componente(1381): [ inicializar_dependencias ]
array (
  0 => 'fotos',
  1 => 'filtro',
  2 => 'items',
)
[INFO][toba_editor] PUNTO MONTAJE: se cargó la clase catalogos/cuadro_fotos.php del punto de montaje proyecto. El path del mismo es /usr/local/proyectos/comision/vendor/siu-toba/framework/proyectos/toba_editor/php
[INFO][toba_editor] PUNTO MONTAJE: se cargó la clase catalogos/filtro_catalogo_items.php del punto de montaje proyecto. El path del mismo es /usr/local/proyectos/comision/vendor/siu-toba/framework/proyectos/toba_editor/php
[DEBUG][toba] componente(1381): [ registrar_evento ] 'cambio_apertura' -> [ evt__items__cambio_apertura ]
array (
  0 => 
  array (
    2 => '1',
  ),
)
[DEBUG][toba] componente(1381): [ registrar_evento ] 'ver_propiedades' -> [ evt__items__ver_propiedades ]
array (
  0 => '1',
)
[DEBUG][toba] [SECCION] Configurando dependencias para responder al servicio...
[DEBUG][toba] componente(1381): Pantalla de servicio: '1'
[INFO][toba] componente(1381): [ callback ] 'conf__1' no fue atrapado
[DEBUG][toba] componente(1381): [ callback ] 'conf__fotos'
[DEBUG][toba] componente(1381): [ callback ] 'conf__filtro'
[DEBUG][toba] componente(1381): [ callback ] 'conf__items'
[DEBUG][toba] [SECCION] Respondiendo al servicio__generar_html...
-o-o-o-o-o-
Fecha: 22-05-2024 12:25:46
Operacion: Catálogo
Usuario: toba
Version-PHP: 7.4.33
Servidor: localhost
URI: /toba_editor/3.3/aplicacion.php?ah=st664e0e77770d67.51921852&ai=toba_editor%7C%7C1000239&tcm=lateral
Referrer: http://localhost:7001/toba_editor/3.3/aplicacion.php?ah=st664e0e68bead41.20175522&ai=toba_editor%7C%7C1000239&tcm=lateral
Host: 172.18.0.1
==========
[DEBUG][toba_editor] PUNTO DE MONTAJE: se cargó exitosamente el autoload del punto de montaje proyecto
[INFO][toba_editor] PUNTO MONTAJE: se cargó la clase customizacion_toba/sesion_editor.php del punto de montaje proyecto. El path del mismo es /usr/local/proyectos/comision/vendor/siu-toba/framework/proyectos/toba_editor/php
[DEBUG][toba] [SECCION] Iniciando componentes...
[INFO][toba_editor] PUNTO MONTAJE: se cargó la clase catalogos/ci_catalogo_items.php del punto de montaje proyecto. El path del mismo es /usr/local/proyectos/comision/vendor/siu-toba/framework/proyectos/toba_editor/php
[DEBUG][toba] componente(1381): Pantalla de eventos: '1'
[DEBUG][toba] [SECCION] Procesando eventos...
[DEBUG][toba] componente(1381): [ inicializar_dependencias ]
array (
  0 => 'fotos',
  1 => 'filtro',
  2 => 'items',
)
[INFO][toba_editor] PUNTO MONTAJE: se cargó la clase catalogos/cuadro_fotos.php del punto de montaje proyecto. El path del mismo es /usr/local/proyectos/comision/vendor/siu-toba/framework/proyectos/toba_editor/php
[INFO][toba_editor] PUNTO MONTAJE: se cargó la clase catalogos/filtro_catalogo_items.php del punto de montaje proyecto. El path del mismo es /usr/local/proyectos/comision/vendor/siu-toba/framework/proyectos/toba_editor/php
[DEBUG][toba] componente(1381): [ registrar_evento ] 'cambio_apertura' -> [ evt__items__cambio_apertura ]
array (
  0 => 
  array (
    1 => '1',
    2 => '1',
    1842000002 => '0',
    35736730000054 => '0',
    35736730000046 => '0',
    35736730000098 => '0',
    35736730000045 => '0',
    35736730000053 => '0',
    35736730000073 => '0',
    24234000001 => '1',
    24234000002 => '0',
  ),
)
[DEBUG][toba] componente(1381): [ registrar_evento ] 'ver_propiedades' -> [ evt__items__ver_propiedades ]
array (
  0 => '2',
)
[DEBUG][toba] [SECCION] Configurando dependencias para responder al servicio...
[DEBUG][toba] componente(1381): Pantalla de servicio: '1'
[INFO][toba] componente(1381): [ callback ] 'conf__1' no fue atrapado
[DEBUG][toba] componente(1381): [ callback ] 'conf__fotos'
[DEBUG][toba] componente(1381): [ callback ] 'conf__filtro'
[DEBUG][toba] componente(1381): [ callback ] 'conf__items'
[DEBUG][toba] [SECCION] Respondiendo al servicio__generar_html...
